<?xml version="1.0" encoding="utf-8"?><testsuites name="pytest tests"><testsuite name="pytest" errors="0" failures="0" skipped="0" tests="9" time="1.456" timestamp="2026-05-11T07:49:36.800905+00:00" hostname="agent-env-8502068e-1a9c-415b-b845-21ec74bf50c0"><testcase classname="backend.tests.test_backend" name="test_root_ok" time="0.250" /><testcase classname="backend.tests.test_backend" name="test_services_catalog" time="0.135" /><testcase classname="backend.tests.test_backend.TestAppointments" name="test_create_appointment_valid" time="0.103" /><testcase classname="backend.tests.test_backend.TestAppointments" name="test_create_appointment_invalid_category" time="0.172" /><testcase classname="backend.tests.test_backend.TestAppointments" name="test_create_appointment_missing_fields" time="0.172" /><testcase classname="backend.tests.test_backend.TestAppointments" name="test_list_appointments_no_id_leak" time="0.120" /><testcase classname="backend.tests.test_backend.TestContact" name="test_create_contact_valid" time="0.116" /><testcase classname="backend.tests.test_backend.TestContact" name="test_create_contact_invalid_email" time="0.113" /><testcase classname="backend.tests.test_backend.TestContact" name="test_list_contact_no_id_leak" time="0.174" /></testsuite></testsuites>